[Tue Jun 09 16:15:00.028175 2020] [ssl:warn] [pid 9060:tid 644] AH01909: www.example.com:443:0 server certificate does NOT include an ID which matches the server name
[Tue Jun 09 16:15:00.089987 2020] [ssl:warn] [pid 9060:tid 644] AH01909: www.example.com:443:0 server certificate does NOT include an ID which matches the server name
[Tue Jun 09 16:15:00.143735 2020] [mpm_winnt:notice] [pid 9060:tid 644] AH00455: Apache/2.4.43 (Win64) OpenSSL/1.1.1g PHP/7.4.6 configured -- resuming normal operations
[Tue Jun 09 16:15:00.143735 2020] [mpm_winnt:notice] [pid 9060:tid 644] AH00456: Apache Lounge VC15 Server built: Apr 22 2020 11:11:00
[Tue Jun 09 16:15:00.143735 2020] [core:notice] [pid 9060:tid 644] AH00094: Command line: 'C:\\xampp\\apache\\bin\\httpd.exe -d C:/xampp/apache'
[Tue Jun 09 16:15:00.148282 2020] [mpm_winnt:notice] [pid 9060:tid 644] AH00418: Parent: Created child process 16468
[Tue Jun 09 16:15:00.593823 2020] [ssl:warn] [pid 16468:tid 652] AH01909: www.example.com:443:0 server certificate does NOT include an ID which matches the server name
[Tue Jun 09 16:15:00.643931 2020] [ssl:warn] [pid 16468:tid 652] AH01909: www.example.com:443:0 server certificate does NOT include an ID which matches the server name
[Tue Jun 09 16:15:00.670584 2020] [mpm_winnt:notice] [pid 16468:tid 652] AH00354: Child: Starting 150 worker threads.
[Tue Jun 09 16:20:52.485807 2020] [ssl:warn] [pid 852:tid 712] AH01909: www.example.com:443:0 server certificate does NOT include an ID which matches the server name
[Tue Jun 09 16:20:52.598636 2020] [ssl:warn] [pid 852:tid 712] AH01909: www.example.com:443:0 server certificate does NOT include an ID which matches the server name
[Tue Jun 09 16:20:52.659087 2020] [mpm_winnt:notice] [pid 852:tid 712] AH00455: Apache/2.4.43 (Win64) OpenSSL/1.1.1g PHP/7.4.6 configured -- resuming normal operations
[Tue Jun 09 16:20:52.659087 2020] [mpm_winnt:notice] [pid 852:tid 712] AH00456: Apache Lounge VC15 Server built: Apr 22 2020 11:11:00
[Tue Jun 09 16:20:52.659087 2020] [core:notice] [pid 852:tid 712] AH00094: Command line: 'C:\\xampp\\apache\\bin\\httpd.exe -d C:/xampp/apache'
[Tue Jun 09 16:20:52.664781 2020] [mpm_winnt:notice] [pid 852:tid 712] AH00418: Parent: Created child process 10680
[Tue Jun 09 16:20:53.273733 2020] [ssl:warn] [pid 10680:tid 644] AH01909: www.example.com:443:0 server certificate does NOT include an ID which matches the server name
[Tue Jun 09 16:20:53.370485 2020] [ssl:warn] [pid 10680:tid 644] AH01909: www.example.com:443:0 server certificate does NOT include an ID which matches the server name
[Tue Jun 09 16:20:53.407519 2020] [mpm_winnt:notice] [pid 10680:tid 644] AH00354: Child: Starting 150 worker threads.
[Tue Jun 09 18:10:32.845337 2020] [ssl:warn] [pid 4104:tid 528] AH01909: www.example.com:443:0 server certificate does NOT include an ID which matches the server name
[Tue Jun 09 18:10:33.015093 2020] [core:warn] [pid 4104:tid 528] AH00098: pid file C:/xampp/apache/logs/httpd.pid overwritten -- Unclean shutdown of previous Apache run?
[Tue Jun 09 18:10:33.030802 2020] [ssl:warn] [pid 4104:tid 528] AH01909: www.example.com:443:0 server certificate does NOT include an ID which matches the server name
[Tue Jun 09 18:10:33.290624 2020] [mpm_winnt:notice] [pid 4104:tid 528] AH00455: Apache/2.4.43 (Win64) OpenSSL/1.1.1g PHP/7.4.6 configured -- resuming normal operations
[Tue Jun 09 18:10:33.290624 2020] [mpm_winnt:notice] [pid 4104:tid 528] AH00456: Apache Lounge VC15 Server built: Apr 22 2020 11:11:00
[Tue Jun 09 18:10:33.290624 2020] [core:notice] [pid 4104:tid 528] AH00094: Command line: 'C:\\xampp\\apache\\bin\\httpd.exe -d C:/xampp/apache'
[Tue Jun 09 18:10:33.291621 2020] [mpm_winnt:notice] [pid 4104:tid 528] AH00418: Parent: Created child process 6344
[Tue Jun 09 18:10:34.065365 2020] [ssl:warn] [pid 6344:tid 724] AH01909: www.example.com:443:0 server certificate does NOT include an ID which matches the server name
[Tue Jun 09 18:10:34.090565 2020] [ssl:warn] [pid 6344:tid 724] AH01909: www.example.com:443:0 server certificate does NOT include an ID which matches the server name
[Tue Jun 09 18:10:34.117515 2020] [mpm_winnt:notice] [pid 6344:tid 724] AH00354: Child: Starting 150 worker threads.
[Wed Jun 10 00:11:08.068141 2020] [ssl:warn] [pid 4056:tid 644] AH01909: www.example.com:443:0 server certificate does NOT include an ID which matches the server name
[Wed Jun 10 00:11:08.135793 2020] [core:warn] [pid 4056:tid 644] AH00098: pid file C:/xampp/apache/logs/httpd.pid overwritten -- Unclean shutdown of previous Apache run?
[Wed Jun 10 00:11:08.138342 2020] [ssl:warn] [pid 4056:tid 644] AH01909: www.example.com:443:0 server certificate does NOT include an ID which matches the server name
[Wed Jun 10 00:11:08.266831 2020] [mpm_winnt:notice] [pid 4056:tid 644] AH00455: Apache/2.4.43 (Win64) OpenSSL/1.1.1g PHP/7.4.6 configured -- resuming normal operations
[Wed Jun 10 00:11:08.266831 2020] [mpm_winnt:notice] [pid 4056:tid 644] AH00456: Apache Lounge VC15 Server built: Apr 22 2020 11:11:00
[Wed Jun 10 00:11:08.266831 2020] [core:notice] [pid 4056:tid 644] AH00094: Command line: 'C:\\xampp\\apache\\bin\\httpd.exe -d C:/xampp/apache'
[Wed Jun 10 00:11:08.268205 2020] [mpm_winnt:notice] [pid 4056:tid 644] AH00418: Parent: Created child process 5032
[Wed Jun 10 00:11:08.758423 2020] [ssl:warn] [pid 5032:tid 668] AH01909: www.example.com:443:0 server certificate does NOT include an ID which matches the server name
[Wed Jun 10 00:11:08.801179 2020] [ssl:warn] [pid 5032:tid 668] AH01909: www.example.com:443:0 server certificate does NOT include an ID which matches the server name
[Wed Jun 10 00:11:08.843894 2020] [mpm_winnt:notice] [pid 5032:tid 668] AH00354: Child: Starting 150 worker threads.
[Wed Jun 10 15:26:25.888280 2020] [php7:error] [pid 5032:tid 1908] [client ::1:55970] PHP Parse error:  syntax error, unexpected '<' in C:\\xampp\\htdocs\\php practice\\functions.php on line 3
[Wed Jun 10 15:26:38.725645 2020] [php7:error] [pid 5032:tid 1920] [client ::1:55972] PHP Parse error:  syntax error, unexpected '>' in C:\\xampp\\htdocs\\php practice\\functions.php on line 3
[Wed Jun 10 15:26:39.497616 2020] [php7:error] [pid 5032:tid 1920] [client ::1:55972] PHP Parse error:  syntax error, unexpected '>' in C:\\xampp\\htdocs\\php practice\\functions.php on line 3
[Wed Jun 10 18:28:11.927698 2020] [php7:notice] [pid 5032:tid 1920] [client ::1:56145] PHP Notice:  date_default_timezone_set(): Timezone ID 'kolkata/India' is invalid in C:\\xampp\\htdocs\\php practice\\functions.php on line 2
[Wed Jun 10 18:28:27.079299 2020] [php7:notice] [pid 5032:tid 1908] [client ::1:56147] PHP Notice:  date_default_timezone_set(): Timezone ID 'Kolkata/India' is invalid in C:\\xampp\\htdocs\\php practice\\functions.php on line 2
[Wed Jun 10 18:37:39.714987 2020] [php7:notice] [pid 5032:tid 1908] [client ::1:56381] PHP Notice:  date_default_timezone_set(): Timezone ID 'America/New-York' is invalid in C:\\xampp\\htdocs\\php practice\\functions.php on line 2
[Wed Jun 10 18:37:50.771870 2020] [php7:notice] [pid 5032:tid 1920] [client ::1:56383] PHP Notice:  date_default_timezone_set(): Timezone ID 'America/New-york' is invalid in C:\\xampp\\htdocs\\php practice\\functions.php on line 2
[Thu Jun 11 18:57:49.804680 2020] [ssl:warn] [pid 4012:tid 524] AH01909: www.example.com:443:0 server certificate does NOT include an ID which matches the server name
[Thu Jun 11 18:57:49.860237 2020] [core:warn] [pid 4012:tid 524] AH00098: pid file C:/xampp/apache/logs/httpd.pid overwritten -- Unclean shutdown of previous Apache run?
[Thu Jun 11 18:57:49.865955 2020] [ssl:warn] [pid 4012:tid 524] AH01909: www.example.com:443:0 server certificate does NOT include an ID which matches the server name
[Thu Jun 11 18:57:50.020024 2020] [mpm_winnt:notice] [pid 4012:tid 524] AH00455: Apache/2.4.43 (Win64) OpenSSL/1.1.1g PHP/7.4.6 configured -- resuming normal operations
[Thu Jun 11 18:57:50.020024 2020] [mpm_winnt:notice] [pid 4012:tid 524] AH00456: Apache Lounge VC15 Server built: Apr 22 2020 11:11:00
[Thu Jun 11 18:57:50.021019 2020] [core:notice] [pid 4012:tid 524] AH00094: Command line: 'C:\\xampp\\apache\\bin\\httpd.exe -d C:/xampp/apache'
[Thu Jun 11 18:57:50.022095 2020] [mpm_winnt:notice] [pid 4012:tid 524] AH00418: Parent: Created child process 3592
[Thu Jun 11 18:57:50.633237 2020] [ssl:warn] [pid 3592:tid 624] AH01909: www.example.com:443:0 server certificate does NOT include an ID which matches the server name
[Thu Jun 11 18:57:50.710025 2020] [ssl:warn] [pid 3592:tid 624] AH01909: www.example.com:443:0 server certificate does NOT include an ID which matches the server name
[Thu Jun 11 18:57:50.753279 2020] [mpm_winnt:notice] [pid 3592:tid 624] AH00354: Child: Starting 150 worker threads.
[Thu Jun 11 23:45:01.318096 2020] [ssl:warn] [pid 4084:tid 832] AH01909: www.example.com:443:0 server certificate does NOT include an ID which matches the server name
[Thu Jun 11 23:45:01.396787 2020] [core:warn] [pid 4084:tid 832] AH00098: pid file C:/xampp/apache/logs/httpd.pid overwritten -- Unclean shutdown of previous Apache run?
[Thu Jun 11 23:45:01.403328 2020] [ssl:warn] [pid 4084:tid 832] AH01909: www.example.com:443:0 server certificate does NOT include an ID which matches the server name
[Thu Jun 11 23:45:01.605706 2020] [mpm_winnt:notice] [pid 4084:tid 832] AH00455: Apache/2.4.43 (Win64) OpenSSL/1.1.1g PHP/7.4.6 configured -- resuming normal operations
[Thu Jun 11 23:45:01.606703 2020] [mpm_winnt:notice] [pid 4084:tid 832] AH00456: Apache Lounge VC15 Server built: Apr 22 2020 11:11:00
[Thu Jun 11 23:45:01.606703 2020] [core:notice] [pid 4084:tid 832] AH00094: Command line: 'C:\\xampp\\apache\\bin\\httpd.exe -d C:/xampp/apache'
[Thu Jun 11 23:45:01.609497 2020] [mpm_winnt:notice] [pid 4084:tid 832] AH00418: Parent: Created child process 6460
[Thu Jun 11 23:45:02.219358 2020] [ssl:warn] [pid 6460:tid 652] AH01909: www.example.com:443:0 server certificate does NOT include an ID which matches the server name
[Thu Jun 11 23:45:02.259814 2020] [ssl:warn] [pid 6460:tid 652] AH01909: www.example.com:443:0 server certificate does NOT include an ID which matches the server name
[Thu Jun 11 23:45:02.300288 2020] [mpm_winnt:notice] [pid 6460:tid 652] AH00354: Child: Starting 150 worker threads.
[Fri Jun 12 00:56:45.044241 2020] [mpm_winnt:notice] [pid 4084:tid 832] AH00422: Parent: Received shutdown signal -- Shutting down the server.
[Fri Jun 12 00:56:47.077017 2020] [mpm_winnt:notice] [pid 6460:tid 652] AH00364: Child: All worker threads have exited.
[Fri Jun 12 00:56:47.404907 2020] [mpm_winnt:notice] [pid 4084:tid 832] AH00430: Parent: Child process 6460 exited successfully.
[Sun Jun 14 09:30:12.046892 2020] [ssl:warn] [pid 3976:tid 796] AH01909: www.example.com:443:0 server certificate does NOT include an ID which matches the server name
[Sun Jun 14 09:30:12.156419 2020] [ssl:warn] [pid 3976:tid 796] AH01909: www.example.com:443:0 server certificate does NOT include an ID which matches the server name
[Sun Jun 14 09:30:12.562688 2020] [mpm_winnt:notice] [pid 3976:tid 796] AH00455: Apache/2.4.43 (Win64) OpenSSL/1.1.1g PHP/7.4.6 configured -- resuming normal operations
[Sun Jun 14 09:30:12.562688 2020] [mpm_winnt:notice] [pid 3976:tid 796] AH00456: Apache Lounge VC15 Server built: Apr 22 2020 11:11:00
[Sun Jun 14 09:30:12.562688 2020] [core:notice] [pid 3976:tid 796] AH00094: Command line: 'C:\\xampp\\apache\\bin\\httpd.exe -d C:/xampp/apache'
[Sun Jun 14 09:30:12.565853 2020] [mpm_winnt:notice] [pid 3976:tid 796] AH00418: Parent: Created child process 6508
[Sun Jun 14 09:30:13.508110 2020] [ssl:warn] [pid 6508:tid 648] AH01909: www.example.com:443:0 server certificate does NOT include an ID which matches the server name
[Sun Jun 14 09:30:13.634702 2020] [ssl:warn] [pid 6508:tid 648] AH01909: www.example.com:443:0 server certificate does NOT include an ID which matches the server name
[Sun Jun 14 09:30:13.731681 2020] [mpm_winnt:notice] [pid 6508:tid 648] AH00354: Child: Starting 150 worker threads.
[Mon Jun 15 16:41:03.909119 2020] [ssl:warn] [pid 4108:tid 584] AH01909: www.example.com:443:0 server certificate does NOT include an ID which matches the server name
[Mon Jun 15 16:41:04.110584 2020] [core:warn] [pid 4108:tid 584] AH00098: pid file C:/xampp/apache/logs/httpd.pid overwritten -- Unclean shutdown of previous Apache run?
[Mon Jun 15 16:41:04.123749 2020] [ssl:warn] [pid 4108:tid 584] AH01909: www.example.com:443:0 server certificate does NOT include an ID which matches the server name
[Mon Jun 15 16:41:04.481995 2020] [mpm_winnt:notice] [pid 4108:tid 584] AH00455: Apache/2.4.43 (Win64) OpenSSL/1.1.1g PHP/7.4.6 configured -- resuming normal operations
[Mon Jun 15 16:41:04.481995 2020] [mpm_winnt:notice] [pid 4108:tid 584] AH00456: Apache Lounge VC15 Server built: Apr 22 2020 11:11:00
[Mon Jun 15 16:41:04.482991 2020] [core:notice] [pid 4108:tid 584] AH00094: Command line: 'C:\\xampp\\apache\\bin\\httpd.exe -d C:/xampp/apache'
[Mon Jun 15 16:41:04.493286 2020] [mpm_winnt:notice] [pid 4108:tid 584] AH00418: Parent: Created child process 6492
[Mon Jun 15 16:41:04.935318 2020] [ssl:warn] [pid 6492:tid 688] AH01909: www.example.com:443:0 server certificate does NOT include an ID which matches the server name
[Mon Jun 15 16:41:04.958794 2020] [ssl:warn] [pid 6492:tid 688] AH01909: www.example.com:443:0 server certificate does NOT include an ID which matches the server name
[Mon Jun 15 16:41:04.985980 2020] [mpm_winnt:notice] [pid 6492:tid 688] AH00354: Child: Starting 150 worker threads.
[Wed Jun 17 21:52:52.519027 2020] [php7:warn] [pid 6492:tid 1864] [client ::1:54550] PHP Warning:  mysqli::__construct(): (HY000/1045): Access denied for user 'root'@'localhost' (using password: YES) in C:\\xampp\\htdocs\\Crud\\process.php on line 2
[Wed Jun 17 22:25:29.100191 2020] [php7:warn] [pid 6492:tid 1904] [client ::1:54694] PHP Warning:  mysqli::__construct(): (HY000/1045): Access denied for user 'root'@'localhost' (using password: YES) in C:\\xampp\\htdocs\\Crud\\process.php on line 2
[Wed Jun 17 22:25:30.029219 2020] [php7:warn] [pid 6492:tid 1904] [client ::1:54694] PHP Warning:  mysqli::__construct(): (HY000/1045): Access denied for user 'root'@'localhost' (using password: YES) in C:\\xampp\\htdocs\\Crud\\process.php on line 2
[Wed Jun 17 22:25:30.947528 2020] [php7:warn] [pid 6492:tid 1904] [client ::1:54694] PHP Warning:  mysqli::__construct(): (HY000/1045): Access denied for user 'root'@'localhost' (using password: YES) in C:\\xampp\\htdocs\\Crud\\process.php on line 2
[Wed Jun 17 22:28:25.135501 2020] [php7:warn] [pid 6492:tid 1864] [client ::1:54722] PHP Warning:  mysqli_connect(): (HY000/1045): Access denied for user 'root'@'localhost' (using password: YES) in C:\\xampp\\htdocs\\Crud\\process.php on line 2
[Wed Jun 17 22:32:44.245155 2020] [php7:warn] [pid 6492:tid 1904] [client ::1:54737] PHP Warning:  mysqli::__construct(): (HY000/1045): Access denied for user 'root'@'localhost' (using password: YES) in C:\\xampp\\htdocs\\Crud\\process.php on line 2
[Wed Jun 17 22:32:45.121787 2020] [php7:warn] [pid 6492:tid 1904] [client ::1:54737] PHP Warning:  mysqli::__construct(): (HY000/1045): Access denied for user 'root'@'localhost' (using password: YES) in C:\\xampp\\htdocs\\Crud\\process.php on line 2
[Wed Jun 17 22:32:45.935126 2020] [php7:warn] [pid 6492:tid 1904] [client ::1:54737] PHP Warning:  mysqli::__construct(): (HY000/1045): Access denied for user 'root'@'localhost' (using password: YES) in C:\\xampp\\htdocs\\Crud\\process.php on line 2
[Wed Jun 17 22:38:29.275674 2020] [php7:warn] [pid 6492:tid 1864] [client ::1:54765] PHP Warning:  mysqli::__construct(): (HY000/1045): Access denied for user 'root'@'localhost' (using password: YES) in C:\\xampp\\htdocs\\Crud\\process.php on line 2
[Wed Jun 17 22:38:30.014223 2020] [php7:warn] [pid 6492:tid 1864] [client ::1:54765] PHP Warning:  mysqli::__construct(): (HY000/1045): Access denied for user 'root'@'localhost' (using password: YES) in C:\\xampp\\htdocs\\Crud\\process.php on line 2
[Wed Jun 17 22:38:30.235961 2020] [php7:warn] [pid 6492:tid 1864] [client ::1:54765] PHP Warning:  mysqli::__construct(): (HY000/1045): Access denied for user 'root'@'localhost' (using password: YES) in C:\\xampp\\htdocs\\Crud\\process.php on line 2
[Wed Jun 17 22:46:42.215513 2020] [php7:warn] [pid 6492:tid 1904] [client ::1:54820] PHP Warning:  mysqli::__construct(): (HY000/1045): Access denied for user 'root'@'localhost' (using password: YES) in C:\\xampp\\htdocs\\Crud\\process.php on line 2
[Wed Jun 17 22:46:43.022497 2020] [php7:warn] [pid 6492:tid 1904] [client ::1:54820] PHP Warning:  mysqli::__construct(): (HY000/1045): Access denied for user 'root'@'localhost' (using password: YES) in C:\\xampp\\htdocs\\Crud\\process.php on line 2
[Wed Jun 17 22:46:43.213986 2020] [php7:warn] [pid 6492:tid 1904] [client ::1:54820] PHP Warning:  mysqli::__construct(): (HY000/1045): Access denied for user 'root'@'localhost' (using password: YES) in C:\\xampp\\htdocs\\Crud\\process.php on line 2
[Wed Jun 17 22:46:43.393507 2020] [php7:warn] [pid 6492:tid 1904] [client ::1:54820] PHP Warning:  mysqli::__construct(): (HY000/1045): Access denied for user 'root'@'localhost' (using password: YES) in C:\\xampp\\htdocs\\Crud\\process.php on line 2
[Wed Jun 17 22:46:43.576017 2020] [php7:warn] [pid 6492:tid 1904] [client ::1:54820] PHP Warning:  mysqli::__construct(): (HY000/1045): Access denied for user 'root'@'localhost' (using password: YES) in C:\\xampp\\htdocs\\Crud\\process.php on line 2
[Wed Jun 17 22:46:43.763518 2020] [php7:warn] [pid 6492:tid 1904] [client ::1:54820] PHP Warning:  mysqli::__construct(): (HY000/1045): Access denied for user 'root'@'localhost' (using password: YES) in C:\\xampp\\htdocs\\Crud\\process.php on line 2
[Wed Jun 17 22:46:43.930707 2020] [php7:warn] [pid 6492:tid 1904] [client ::1:54820] PHP Warning:  mysqli::__construct(): (HY000/1045): Access denied for user 'root'@'localhost' (using password: YES) in C:\\xampp\\htdocs\\Crud\\process.php on line 2
[Wed Jun 17 22:46:44.052914 2020] [php7:warn] [pid 6492:tid 1904] [client ::1:54820] PHP Warning:  mysqli::__construct(): (HY000/1045): Access denied for user 'root'@'localhost' (using password: YES) in C:\\xampp\\htdocs\\Crud\\process.php on line 2
[Wed Jun 17 22:48:02.846802 2020] [php7:warn] [pid 6492:tid 1864] [client ::1:54835] PHP Warning:  mysqli::__construct(): (HY000/1045): Access denied for user 'root'@'localhost' (using password: YES) in C:\\xampp\\htdocs\\Crud\\process.php on line 2
[Wed Jun 17 22:48:03.599948 2020] [php7:warn] [pid 6492:tid 1864] [client ::1:54835] PHP Warning:  mysqli::__construct(): (HY000/1045): Access denied for user 'root'@'localhost' (using password: YES) in C:\\xampp\\htdocs\\Crud\\process.php on line 2
[Wed Jun 17 22:48:03.791440 2020] [php7:warn] [pid 6492:tid 1864] [client ::1:54835] PHP Warning:  mysqli::__construct(): (HY000/1045): Access denied for user 'root'@'localhost' (using password: YES) in C:\\xampp\\htdocs\\Crud\\process.php on line 2
[Wed Jun 17 22:48:04.006314 2020] [php7:warn] [pid 6492:tid 1864] [client ::1:54835] PHP Warning:  mysqli::__construct(): (HY000/1045): Access denied for user 'root'@'localhost' (using password: YES) in C:\\xampp\\htdocs\\Crud\\process.php on line 2
[Wed Jun 17 23:02:03.821158 2020] [php7:warn] [pid 6492:tid 1904] [client ::1:55019] PHP Warning:  mysqli_connect(): (HY000/1045): Access denied for user 'root'@'localhost' (using password: YES) in C:\\xampp\\htdocs\\Crud\\process.php on line 2
[Wed Jun 17 23:02:03.821158 2020] [php7:warn] [pid 6492:tid 1904] [client ::1:55019] PHP Warning:  mysqli_error() expects parameter 1 to be mysqli, bool given in C:\\xampp\\htdocs\\Crud\\process.php on line 2
[Wed Jun 17 23:02:23.603997 2020] [php7:warn] [pid 6492:tid 1864] [client ::1:55022] PHP Warning:  mysqli_connect(): (HY000/1045): Access denied for user 'root'@'localhost' (using password: YES) in C:\\xampp\\htdocs\\Crud\\process.php on line 2
[Wed Jun 17 23:08:34.519234 2020] [php7:warn] [pid 6492:tid 1904] [client ::1:55098] PHP Warning:  mysqli_connect(): (HY000/1045): Access denied for user 'root'@'localhost' (using password: YES) in C:\\xampp\\htdocs\\Crud\\process.php on line 2
[Thu Jun 18 00:17:43.370284 2020] [php7:error] [pid 6492:tid 1864] [client ::1:56456] PHP Parse error:  syntax error, unexpected 'POST' (T_STRING), expecting variable (T_VARIABLE) or '{' or '$' in C:\\xampp\\htdocs\\Crud\\process.php on line 3
[Thu Jun 18 00:18:39.424891 2020] [php7:error] [pid 6492:tid 1904] [client ::1:56459] PHP Parse error:  syntax error, unexpected 'POST' (T_STRING), expecting variable (T_VARIABLE) or '{' or '$' in C:\\xampp\\htdocs\\Crud\\process.php on line 3
[Thu Jun 18 00:18:40.243186 2020] [php7:error] [pid 6492:tid 1904] [client ::1:56459] PHP Parse error:  syntax error, unexpected 'POST' (T_STRING), expecting variable (T_VARIABLE) or '{' or '$' in C:\\xampp\\htdocs\\Crud\\process.php on line 3
[Thu Jun 18 00:19:30.394543 2020] [php7:error] [pid 6492:tid 1864] [client ::1:56462] PHP Parse error:  syntax error, unexpected 'POST' (T_STRING), expecting variable (T_VARIABLE) or '{' or '$' in C:\\xampp\\htdocs\\Crud\\process.php on line 3
[Thu Jun 18 00:25:32.428451 2020] [php7:error] [pid 6492:tid 1904] [client ::1:56496] script 'C:/xampp/htdocs/myadmin.php' not found or unable to stat
[Thu Jun 18 01:28:15.443581 2020] [php7:error] [pid 6492:tid 1864] [client ::1:56967] PHP Parse error:  syntax error, unexpected '$name' (T_VARIABLE), expecting ')' in C:\\xampp\\htdocs\\crud\\process.php on line 9, referer: http://localhost/Crud/index.php/
[Thu Jun 18 01:57:25.642297 2020] [php7:error] [pid 6492:tid 1904] [client ::1:57185] PHP Parse error:  syntax error, unexpected '<', expecting end of file in C:\\xampp\\htdocs\\crud\\index.php on line 45, referer: http://localhost/Crud/index.php/
[Thu Jun 18 02:27:25.803833 2020] [php7:error] [pid 6492:tid 1864] [client ::1:57310] PHP Parse error:  syntax error, unexpected end of file, expecting elseif (T_ELSEIF) or else (T_ELSE) or endif (T_ENDIF) in C:\\xampp\\htdocs\\crud\\index.php on line 82, referer: http://localhost/Crud/index.php/process.php?delete=7
[Thu Jun 18 02:27:38.663555 2020] [php7:error] [pid 6492:tid 1900] [client ::1:57311] PHP Parse error:  syntax error, unexpected end of file, expecting elseif (T_ELSEIF) or else (T_ELSE) or endif (T_ENDIF) in C:\\xampp\\htdocs\\crud\\index.php on line 82
[Thu Jun 18 02:28:48.109077 2020] [php7:error] [pid 6492:tid 1864] [client ::1:57316] PHP Parse error:  syntax error, unexpected end of file, expecting elseif (T_ELSEIF) or else (T_ELSE) or endif (T_ENDIF) in C:\\xampp\\htdocs\\crud\\index.php on line 81
[Thu Jun 18 02:28:52.231839 2020] [php7:error] [pid 6492:tid 1864] [client ::1:57316] PHP Parse error:  syntax error, unexpected end of file, expecting elseif (T_ELSEIF) or else (T_ELSE) or endif (T_ENDIF) in C:\\xampp\\htdocs\\crud\\index.php on line 81, referer: http://localhost/Crud/index.php/
[Thu Jun 18 02:29:05.321249 2020] [php7:error] [pid 6492:tid 1900] [client ::1:57317] PHP Parse error:  syntax error, unexpected end of file, expecting elseif (T_ELSEIF) or else (T_ELSE) or endif (T_ENDIF) in C:\\xampp\\htdocs\\crud\\index.php on line 81
[Thu Jun 18 02:54:12.460386 2020] [php7:warn] [pid 6492:tid 1900] [client ::1:57383] PHP Warning:  Use of undefined constant Supdate - assumed 'Supdate' (this will throw an Error in a future version of PHP) in C:\\xampp\\htdocs\\crud\\index.php on line 83
[Thu Jun 18 02:54:34.135742 2020] [php7:warn] [pid 6492:tid 1864] [client ::1:57384] PHP Warning:  Use of undefined constant Supdate - assumed 'Supdate' (this will throw an Error in a future version of PHP) in C:\\xampp\\htdocs\\crud\\index.php on line 83
[Thu Jun 18 02:54:36.819491 2020] [php7:warn] [pid 6492:tid 1864] [client ::1:57384] PHP Warning:  Use of undefined constant Supdate - assumed 'Supdate' (this will throw an Error in a future version of PHP) in C:\\xampp\\htdocs\\crud\\index.php on line 83
[Thu Jun 18 02:54:38.547043 2020] [php7:warn] [pid 6492:tid 1864] [client ::1:57384] PHP Warning:  Use of undefined constant Supdate - assumed 'Supdate' (this will throw an Error in a future version of PHP) in C:\\xampp\\htdocs\\crud\\index.php on line 83
[Thu Jun 18 02:54:39.413269 2020] [php7:warn] [pid 6492:tid 1864] [client ::1:57384] PHP Warning:  Use of undefined constant Supdate - assumed 'Supdate' (this will throw an Error in a future version of PHP) in C:\\xampp\\htdocs\\crud\\index.php on line 83
[Thu Jun 18 02:54:40.209379 2020] [php7:warn] [pid 6492:tid 1864] [client ::1:57384] PHP Warning:  Use of undefined constant Supdate - assumed 'Supdate' (this will throw an Error in a future version of PHP) in C:\\xampp\\htdocs\\crud\\index.php on line 83
[Thu Jun 18 02:54:40.843674 2020] [php7:warn] [pid 6492:tid 1864] [client ::1:57384] PHP Warning:  Use of undefined constant Supdate - assumed 'Supdate' (this will throw an Error in a future version of PHP) in C:\\xampp\\htdocs\\crud\\index.php on line 83
[Thu Jun 18 02:54:41.524991 2020] [php7:warn] [pid 6492:tid 1864] [client ::1:57384] PHP Warning:  Use of undefined constant Supdate - assumed 'Supdate' (this will throw an Error in a future version of PHP) in C:\\xampp\\htdocs\\crud\\index.php on line 83
[Thu Jun 18 02:59:40.571781 2020] [php7:warn] [pid 6492:tid 1864] [client ::1:57438] PHP Warning:  count(): Parameter must be an array or an object that implements Countable in C:\\xampp\\htdocs\\crud\\process.php on line 32, referer: http://localhost/Crud/index.php/index.php
[Thu Jun 18 02:59:40.573781 2020] [php7:notice] [pid 6492:tid 1864] [client ::1:57438] PHP Notice:  Undefined variable: roe in C:\\xampp\\htdocs\\crud\\process.php on line 37, referer: http://localhost/Crud/index.php/index.php
[Thu Jun 18 02:59:40.574809 2020] [php7:notice] [pid 6492:tid 1864] [client ::1:57438] PHP Notice:  Trying to access array offset on value of type null in C:\\xampp\\htdocs\\crud\\process.php on line 37, referer: http://localhost/Crud/index.php/index.php
[Thu Jun 18 03:00:20.192677 2020] [php7:warn] [pid 6492:tid 1900] [client ::1:57442] PHP Warning:  count(): Parameter must be an array or an object that implements Countable in C:\\xampp\\htdocs\\crud\\process.php on line 32, referer: http://localhost/Crud/index.php/index.php
[Thu Jun 18 03:01:23.210601 2020] [php7:warn] [pid 6492:tid 1864] [client ::1:57456] PHP Warning:  count(): Parameter must be an array or an object that implements Countable in C:\\xampp\\htdocs\\crud\\process.php on line 32, referer: http://localhost/Crud/index.php/index.php
[Thu Jun 18 03:03:39.116433 2020] [php7:warn] [pid 6492:tid 1900] [client ::1:57462] PHP Warning:  count(): Parameter must be an array or an object that implements Countable in C:\\xampp\\htdocs\\crud\\process.php on line 32, referer: http://localhost/Crud/index.php/index.php
[Thu Jun 18 03:07:18.657504 2020] [php7:warn] [pid 6492:tid 1864] [client ::1:57481] PHP Warning:  count(): Parameter must be an array or an object that implements Countable in C:\\xampp\\htdocs\\crud\\process.php on line 32, referer: http://localhost/Crud/index.php/index.php
[Thu Jun 18 03:07:20.654082 2020] [php7:warn] [pid 6492:tid 1864] [client ::1:57481] PHP Warning:  count(): Parameter must be an array or an object that implements Countable in C:\\xampp\\htdocs\\crud\\process.php on line 32, referer: http://localhost/Crud/index.php/index.php
[Thu Jun 18 03:08:51.213337 2020] [php7:warn] [pid 6492:tid 1900] [client ::1:57494] PHP Warning:  count(): Parameter must be an array or an object that implements Countable in C:\\xampp\\htdocs\\crud\\process.php on line 32, referer: http://localhost/Crud/index.php/index.php
[Thu Jun 18 03:08:52.241502 2020] [php7:warn] [pid 6492:tid 1900] [client ::1:57494] PHP Warning:  count(): Parameter must be an array or an object that implements Countable in C:\\xampp\\htdocs\\crud\\process.php on line 32, referer: http://localhost/Crud/index.php/index.php
[Thu Jun 18 03:10:07.743412 2020] [php7:warn] [pid 6492:tid 1864] [client ::1:57503] PHP Warning:  count(): Parameter must be an array or an object that implements Countable in C:\\xampp\\htdocs\\crud\\process.php on line 32, referer: http://localhost/Crud/index.php/index.php
[Thu Jun 18 03:11:17.720784 2020] [php7:error] [pid 6492:tid 1900] [client ::1:57508] PHP Fatal error:  Uncaught Error: Cannot use object of type mysqli_result as array in C:\\xampp\\htdocs\\crud\\process.php:32\nStack trace:\n#0 C:\\xampp\\htdocs\\crud\\index.php(10): require_once()\n#1 {main}\n  thrown in C:\\xampp\\htdocs\\crud\\process.php on line 32, referer: http://localhost/Crud/index.php/index.php
[Thu Jun 18 03:11:27.905104 2020] [php7:warn] [pid 6492:tid 1864] [client ::1:57509] PHP Warning:  count(): Parameter must be an array or an object that implements Countable in C:\\xampp\\htdocs\\crud\\process.php on line 32, referer: http://localhost/Crud/index.php/index.php
[Thu Jun 18 03:11:51.512753 2020] [php7:warn] [pid 6492:tid 1900] [client ::1:57513] PHP Warning:  count(): Parameter must be an array or an object that implements Countable in C:\\xampp\\htdocs\\crud\\process.php on line 32, referer: http://localhost/Crud/index.php/index.php
[Thu Jun 18 03:11:52.531900 2020] [php7:warn] [pid 6492:tid 1900] [client ::1:57513] PHP Warning:  count(): Parameter must be an array or an object that implements Countable in C:\\xampp\\htdocs\\crud\\process.php on line 32, referer: http://localhost/Crud/index.php/index.php
[Thu Jun 18 03:15:56.540134 2020] [php7:warn] [pid 6492:tid 1864] [client ::1:57563] PHP Warning:  count(): Parameter must be an array or an object that implements Countable in C:\\xampp\\htdocs\\crud\\process.php on line 32, referer: http://localhost/Crud/index.php/index.php
[Thu Jun 18 03:15:57.537103 2020] [php7:warn] [pid 6492:tid 1864] [client ::1:57563] PHP Warning:  count(): Parameter must be an array or an object that implements Countable in C:\\xampp\\htdocs\\crud\\process.php on line 32, referer: http://localhost/Crud/index.php/index.php
[Thu Jun 18 03:15:58.260436 2020] [php7:warn] [pid 6492:tid 1864] [client ::1:57563] PHP Warning:  count(): Parameter must be an array or an object that implements Countable in C:\\xampp\\htdocs\\crud\\process.php on line 32, referer: http://localhost/Crud/index.php/index.php
[Thu Jun 18 03:17:26.242082 2020] [php7:error] [pid 6492:tid 1900] [client ::1:57575] PHP Fatal error:  Uncaught Error: Call to undefined function is_arr() in C:\\xampp\\htdocs\\crud\\process.php:32\nStack trace:\n#0 C:\\xampp\\htdocs\\crud\\index.php(10): require_once()\n#1 {main}\n  thrown in C:\\xampp\\htdocs\\crud\\process.php on line 32, referer: http://localhost/Crud/index.php/index.php
[Thu Jun 18 03:21:44.313798 2020] [php7:warn] [pid 6492:tid 1864] [client ::1:57606] PHP Warning:  count(): Parameter must be an array or an object that implements Countable in C:\\xampp\\htdocs\\crud\\process.php on line 32, referer: http://localhost/Crud/index.php/index.php
[Thu Jun 18 03:23:09.687596 2020] [php7:warn] [pid 6492:tid 1864] [client ::1:57624] PHP Warning:  count(): Parameter must be an array or an object that implements Countable in C:\\xampp\\htdocs\\crud\\process.php on line 32, referer: http://localhost/Crud/index.php/process.php
[Thu Jun 18 03:32:54.747587 2020] [php7:notice] [pid 6492:tid 1864] [client ::1:57643] PHP Notice:  Undefined index: id in C:\\xampp\\htdocs\\crud\\process.php on line 42, referer: http://localhost/Crud/index.php/index.php?edit=11
[Thu Jun 18 03:35:04.098623 2020] [php7:notice] [pid 6492:tid 1900] [client ::1:57646] PHP Notice:  Undefined index: id in C:\\xampp\\htdocs\\crud\\process.php on line 42, referer: http://localhost/Crud/index.php/index.php?edit=11
[Thu Jun 18 03:36:53.847407 2020] [php7:notice] [pid 6492:tid 1864] [client ::1:57659] PHP Notice:  Undefined index: id in C:\\xampp\\htdocs\\crud\\process.php on line 42, referer: http://localhost/Crud/index.php/index.php?edit=11
[Thu Jun 18 03:39:27.538234 2020] [php7:notice] [pid 6492:tid 1900] [client ::1:57677] PHP Notice:  Undefined index: id in C:\\xampp\\htdocs\\crud\\process.php on line 42, referer: http://localhost/Crud/index.php/index.php?edit=11
[Thu Jun 18 03:43:56.496670 2020] [php7:notice] [pid 6492:tid 1900] [client ::1:57684] PHP Notice:  Undefined index: id in C:\\xampp\\htdocs\\crud\\process.php on line 41, referer: http://localhost/Crud/index.php/index.php?edit=11
[Thu Jun 18 03:44:00.508313 2020] [php7:notice] [pid 6492:tid 1900] [client ::1:57684] PHP Notice:  Undefined index: id in C:\\xampp\\htdocs\\crud\\process.php on line 41, referer: http://localhost/Crud/index.php/index.php?edit=11
[Thu Jun 18 03:44:31.089685 2020] [php7:notice] [pid 6492:tid 1864] [client ::1:57683] PHP Notice:  Undefined index: id in C:\\xampp\\htdocs\\crud\\process.php on line 42, referer: http://localhost/Crud/index.php/index.php?edit=11
[Thu Jun 18 03:45:38.927902 2020] [php7:warn] [pid 6492:tid 1900] [client ::1:57693] PHP Warning:  count(): Parameter must be an array or an object that implements Countable in C:\\xampp\\htdocs\\crud\\process.php on line 33, referer: http://localhost/Crud/index.php/index.php
[Thu Jun 18 03:47:22.726309 2020] [php7:warn] [pid 6492:tid 1864] [client ::1:57704] PHP Warning:  count(): Parameter must be an array or an object that implements Countable in C:\\xampp\\htdocs\\crud\\process.php on line 33, referer: http://localhost/Crud/index.php/index.php
[Thu Jun 18 03:47:23.569841 2020] [php7:warn] [pid 6492:tid 1864] [client ::1:57704] PHP Warning:  count(): Parameter must be an array or an object that implements Countable in C:\\xampp\\htdocs\\crud\\process.php on line 33, referer: http://localhost/Crud/index.php/index.php
[Thu Jun 18 03:47:24.322508 2020] [php7:warn] [pid 6492:tid 1864] [client ::1:57704] PHP Warning:  count(): Parameter must be an array or an object that implements Countable in C:\\xampp\\htdocs\\crud\\process.php on line 33, referer: http://localhost/Crud/index.php/index.php
[Thu Jun 18 03:47:24.961993 2020] [php7:warn] [pid 6492:tid 1864] [client ::1:57704] PHP Warning:  count(): Parameter must be an array or an object that implements Countable in C:\\xampp\\htdocs\\crud\\process.php on line 33, referer: http://localhost/Crud/index.php/index.php
[Thu Jun 18 03:47:29.519564 2020] [php7:warn] [pid 6492:tid 1864] [client ::1:57704] PHP Warning:  count(): Parameter must be an array or an object that implements Countable in C:\\xampp\\htdocs\\crud\\process.php on line 33, referer: http://localhost/Crud/index.php/index.php?edit=11
[Thu Jun 18 13:52:35.603316 2020] [php7:warn] [pid 6492:tid 1900] [client ::1:49690] PHP Warning:  count(): Parameter must be an array or an object that implements Countable in C:\\xampp\\htdocs\\crud\\process.php on line 33, referer: http://localhost/Crud/index.php/index.php
[Thu Jun 18 13:54:23.653558 2020] [php7:warn] [pid 6492:tid 1900] [client ::1:49781] PHP Warning:  count(): Parameter must be an array or an object that implements Countable in C:\\xampp\\htdocs\\crud\\process.php on line 33, referer: http://localhost/Crud/index.php/index.php
